app/build/outputs/logs/manifest-merger-debug-report.txt
-- Merging decision tree log ---
manifest
ADDED from src\main\AndroidManifest.xml:2:1-49:12
INJECTED from src\main\AndroidManifest.xml:2:1-49:12
INJECTED from src\main\AndroidManifest.xml:2:1-49:12
INJECTED from src\main\AndroidManifest.xml:2:1-49:12
MERGED from [androidx.constraintlayout:constraintlayout:1.1.3] AndroidManifest.xml:2:1-11:12
MERGED from [com.google.android.gms:play-services:9.8.0] AndroidManifest.xml:2:1-6:12
MERGED from [com.google.android.gms:play-services-appindexing:9.8.0] AndroidManifest.xml:16:1-19:12
MERGED from [com.google.android.material:material:1.0.0] AndroidManifest.xml:17:1-24:12
MERGED from [com.google.android.gms:play-services-cast-framework:9.8.0] AndroidManifest.xml:2:1-9:12
MERGED from [com.google.android.gms:play-services-cast:9.8.0] AndroidManifest.xml:16:1-19:12
MERGED from [androidx.mediarouter:mediarouter:1.0.0-alpha5] AndroidManifest.xml:17:1-22:12
MERGED from [androidx.appcompat:appcompat:1.0.2] AndroidManifest.xml:17:1-22:12
MERGED from [com.android.volley:volley:1.1.0] AndroidManifest.xml:2:1-11:12
MERGED from [com.github.bumptech.glide:glide:4.9.0] AndroidManifest.xml:2:1-12:12
MERGED from [com.google.android.gms:play-services-ads:9.8.0] AndroidManifest.xml:16:1-18:12
MERGED from [com.google.android.gms:play-services-ads-lite:9.8.0] AndroidManifest.xml:16:1-28:12
MERGED from [com.google.android.gms:play-services-analytics:9.8.0] AndroidManifest.xml:16:1-27:12
MERGED from [com.google.android.gms:play-services-tagmanager:9.8.0] AndroidManifest.xml:16:1-18:12
MERGED from [com.google.android.gms:play-services-analytics-impl:9.8.0] AndroidManifest.xml:16:1-27:12
MERGED from [com.google.android.gms:play-services-appinvite:9.8.0] AndroidManifest.xml:16:1-27:12
MERGED from [com.google.android.gms:play-services-auth:9.8.0] AndroidManifest.xml:16:1-26:12
MERGED from [com.google.android.gms:play-services-auth-base:9.8.0] AndroidManifest.xml:2:1-5:12
MERGED from [com.google.android.gms:play-services-clearcut:9.8.0] AndroidManifest.xml:16:1-19:12
MERGED from [com.google.firebase:firebase-config:9.8.0] AndroidManifest.xml:16:1-19:12
MERGED from [com.google.android.gms:play-services-awareness:9.8.0] AndroidManifest.xml:16:1-19:12
MERGED from [com.google.android.gms:play-services-games:9.8.0] AndroidManifest.xml:16:1-19:12
MERGED from [com.google.android.gms:play-services-drive:9.8.0] AndroidManifest.xml:16:1-19:12
MERGED from [com.google.firebase:firebase-auth:9.8.0] AndroidManifest.xml:16:1-21:12
MERGED from [com.google.firebase:firebase-auth-common:9.8.0] AndroidManifest.xml:16:1-21:12
MERGED from [com.google.firebase:firebase-auth-module:9.8.0] AndroidManifest.xml:2:1-5:12
MERGED from [com.google.android.gms:play-services-fitness:9.8.0] AndroidManifest.xml:16:1-19:12
MERGED from [com.google.android.gms:play-services-gcm:9.8.0] AndroidManifest.xml:16:1-24:12
MERGED from [com.google.android.gms:play-services-wallet:9.8.0] AndroidManifest.xml:16:1-20:12
MERGED from [com.google.android.gms:play-services-identity:9.8.0] AndroidManifest.xml:16:1-19:12
MERGED from [com.google.android.gms:play-services-iid:9.8.0] AndroidManifest.xml:16:1-24:12
MERGED from [com.google.android.gms:play-services-instantapps:9.8.0] AndroidManifest.xml:2:1-4:12
MERGED from [com.google.android.gms:play-services-location:9.8.0] AndroidManifest.xml:2:1-5:12
MERGED from [com.google.android.gms:play-services-places:9.8.0] AndroidManifest.xml:16:1-19:12
MERGED from [com.google.android.gms:play-services-maps:9.8.0] AndroidManifest.xml:16:1-25:12
MERGED from [com.google.android.gms:play-services-nearby:9.8.0] AndroidManifest.xml:2:1-6:12
MERGED from [com.google.android.gms:play-services-panorama:9.8.0] AndroidManifest.xml:16:1-19:12
MERGED from [com.google.android.gms:play-services-plus:9.8.0] AndroidManifest.xml:16:1-19:12
MERGED from [com.google.android.gms:play-services-safetynet:9.8.0] AndroidManifest.xml:16:1-19:12
MERGED from [com.google.android.gms:play-services-vision:9.8.0] AndroidManifest.xml:2:1-5:12
MERGED from [com.google.android.gms:play-services-wearable:9.8.0] AndroidManifest.xml:16:1-19:12
MERGED from [com.google.android.gms:play-services-base:9.8.0] AndroidManifest.xml:16:1-21:12
MERGED from [com.google.firebase:firebase-crash:9.8.0] AndroidManifest.xml:16:1-25:12
MERGED from [com.google.firebase:firebase-database:9.8.0] AndroidManifest.xml:2:1-4:12
MERGED from [com.google.firebase:firebase-database-connection:9.8.0] AndroidManifest.xml:2:1-4:12
MERGED from [com.google.firebase:firebase-messaging:9.8.0] AndroidManifest.xml:16:1-30:12
MERGED from [com.google.android.gms:play-services-tagmanager-api:9.8.0] AndroidManifest.xml:16:1-34:12
MERGED from [com.google.firebase:firebase-analytics:9.8.0] AndroidManifest.xml:16:1-34:12
MERGED from [com.google.firebase:firebase-analytics-impl:9.8.0] AndroidManifest.xml:16:1-29:12
MERGED from [com.google.firebase:firebase-iid:9.8.0] AndroidManifest.xml:16:1-51:12
MERGED from [com.google.firebase:firebase-storage:9.8.0] AndroidManifest.xml:2:1-4:12
MERGED from [com.google.firebase:firebase-storage-common:9.8.0] AndroidManifest.xml:2:1-4:12
MERGED from [com.google.firebase:firebase-common:9.8.0] AndroidManifest.xml:2:1-8:12
MERGED from [com.google.android.gms:play-services-gass:9.8.0] AndroidManifest.xml:2:1-5:12
MERGED from [com.google.android.gms:play-services-tasks:9.8.0] AndroidManifest.xml:2:1-5:12
MERGED from [com.google.android.gms:play-services-basement:9.8.0] AndroidManifest.xml:16:1-23:12
MERGED from [androidx.legacy:legacy-support-v4:1.0.0] AndroidManifest.xml:17:1-22:12
MERGED from [androidx.fragment:fragment:1.0.0] AndroidManifest.xml:17:1-22:12
MERGED from [androidx.vectordrawable:vectordrawable-animated:1.0.0] AndroidManifest.xml:17:1-22:12
MERGED from [androidx.recyclerview:recyclerview:1.0.0] AndroidManifest.xml:17:1-22:12
MERGED from [androidx.legacy:legacy-support-core-ui:1.0.0] AndroidManifest.xml:17:1-22:12
MERGED from [androidx.palette:palette:1.0.0-rc01] AndroidManifest.xml:17:1-22:12
MERGED from [androidx.legacy:legacy-support-core-utils:1.0.0] AndroidManifest.xml:17:1-22:12
MERGED from [androidx.vectordrawable:vectordrawable:1.0.1] AndroidManifest.xml:17:1-22:12
MERGED from [androidx.transition:transition:1.0.0] AndroidManifest.xml:17:1-22:12
MERGED from [androidx.loader:loader:1.0.0] AndroidManifest.xml:17:1-22:12
MERGED from [androidx.viewpager:viewpager:1.0.0] AndroidManifest.xml:17:1-22:12
MERGED from [androidx.coordinatorlayout:coordinatorlayout:1.0.0] AndroidManifest.xml:17:1-22:12
MERGED from [androidx.drawerlayout:drawerlayout:1.0.0] AndroidManifest.xml:17:1-22:12
MERGED from [androidx.slidingpanelayout:slidingpanelayout:1.0.0] AndroidManifest.xml:17:1-22:12
MERGED from [androidx.customview:customview:1.0.0] AndroidManifest.xml:17:1-22:12
MERGED from [androidx.swiperefreshlayout:swiperefreshlayout:1.0.0] AndroidManifest.xml:17:1-22:12
MERGED from [androidx.asynclayoutinflater:asynclayoutinflater:1.0.0] AndroidManifest.xml:17:1-22:12
MERGED from [androidx.media2:media2:1.0.0-alpha02] AndroidManifest.xml:17:1-22:12
MERGED from [androidx.media:media:1.0.0] AndroidManifest.xml:17:1-22:12
MERGED from [androidx.core:core:1.0.1] AndroidManifest.xml:17:1-24:12
MERGED from [androidx.versionedparcelable:versionedparcelable:1.0.0] AndroidManifest.xml:17:1-25:12
MERGED from [androidx.cursoradapter:cursoradapter:1.0.0] AndroidManifest.xml:17:1-22:12
MERGED from [com.github.bumptech.glide:gifdecoder:4.9.0] AndroidManifest.xml:2:1-11:12
MERGED from [androidx.cardview:cardview:1.0.0] AndroidManifest.xml:17:1-22:12
MERGED from [androidx.lifecycle:lifecycle-runtime:2.0.0] AndroidManifest.xml:17:1-22:12
MERGED from [androidx.documentfile:documentfile:1.0.0] AndroidManifest.xml:17:1-22:12
MERGED from [androidx.localbroadcastmanager:localbroadcastmanager:1.0.0] AndroidManifest.xml:17:1-22:12
MERGED from [androidx.print:print:1.0.0] AndroidManifest.xml:17:1-22:12
MERGED from [androidx.lifecycle:lifecycle-viewmodel:2.0.0] AndroidManifest.xml:17:1-22:12
MERGED from [androidx.interpolator:interpolator:1.0.0] AndroidManifest.xml:17:1-22:12
MERGED from [androidx.lifecycle:lifecycle-livedata:2.0.0] AndroidManifest.xml:17:1-22:12
MERGED from [androidx.lifecycle:lifecycle-livedata-core:2.0.0] AndroidManifest.xml:17:1-22:12
MERGED from [androidx.arch.core:core-runtime:2.0.0] AndroidManifest.xml:17:1-22:12
INJECTED from src\main\AndroidManifest.xml:2:1-49:12
INJECTED from src\main\AndroidManifest.xml:2:1-49:12
INJECTED from src\main\AndroidManifest.xml:2:1-49:12
	package
		ADDED from src\main\AndroidManifest.xml:3:11-46
		INJECTED from src\main\AndroidManifest.xml
		INJECTED from src\main\AndroidManifest.xml
	android:versionName
		INJECTED from src\main\AndroidManifest.xml
		ADDED from src\main\AndroidManifest.xml:2:1-49:12
		INJECTED from src\main\AndroidManifest.xml
	android:versionCode
		INJECTED from src\main\AndroidManifest.xml
		ADDED from src\main\AndroidManifest.xml:2:1-49:12
		INJECTED from src\main\AndroidManifest.xml
	xmlns:android
		ADDED from src\main\AndroidManifest.xml:2:11-69
uses-permission#android.permission.INTERNET
ADDED from src\main\AndroidManifest.xml:5:5-66
MERGED from [com.google.android.gms:play-services-ads-lite:9.8.0] AndroidManifest.xml:19:5-66
MERGED from [com.google.android.gms:play-services-ads-lite:9.8.0] AndroidManifest.xml:19:5-66
MERGED from [com.google.android.gms:play-services-analytics:9.8.0] AndroidManifest.xml:20:5-66
MERGED from [com.google.android.gms:play-services-analytics:9.8.0] AndroidManifest.xml:20:5-66
MERGED from [com.google.android.gms:play-services-analytics-impl:9.8.0] AndroidManifest.xml:20:5-66
MERGED from [com.google.android.gms:play-services-analytics-impl:9.8.0] AndroidManifest.xml:20:5-66
MERGED from [com.google.android.gms:play-services-appinvite:9.8.0] AndroidManifest.xml:18:5-66
MERGED from [com.google.android.gms:play-services-appinvite:9.8.0] AndroidManifest.xml:18:5-66
MERGED from [com.google.android.gms:play-services-gcm:9.8.0] AndroidManifest.xml:21:5-66
MERGED from [com.google.android.gms:play-services-gcm:9.8.0] AndroidManifest.xml:21:5-66
MERGED from [com.google.android.gms:play-services-iid:9.8.0] AndroidManifest.xml:21:5-66
MERGED from [com.google.android.gms:play-services-iid:9.8.0] AndroidManifest.xml:21:5-66
MERGED from [com.google.android.gms:play-services-maps:9.8.0] AndroidManifest.xml:20:5-66
MERGED from [com.google.android.gms:play-services-maps:9.8.0] AndroidManifest.xml:20:5-66
MERGED from [com.google.firebase:firebase-crash:9.8.0] AndroidManifest.xml:18:5-66
MERGED from [com.google.firebase:firebase-crash:9.8.0] AndroidManifest.xml:18:5-66
MERGED from [com.google.android.gms:play-services-tagmanager-api:9.8.0] AndroidManifest.xml:20:5-66
MERGED from [com.google.android.gms:play-services-tagmanager-api:9.8.0] AndroidManifest.xml:20:5-66
MERGED from [com.google.firebase:firebase-analytics:9.8.0] AndroidManifest.xml:20:5-66
MERGED from [com.google.firebase:firebase-analytics:9.8.0] AndroidManifest.xml:20:5-66
MERGED from [com.google.firebase:firebase-analytics-impl:9.8.0] AndroidManifest.xml:20:5-66
MERGED from [com.google.firebase:firebase-analytics-impl:9.8.0] AndroidManifest.xml:20:5-66
MERGED from [com.google.firebase:firebase-iid:9.8.0] AndroidManifest.xml:20:5-66
MERGED from [com.google.firebase:firebase-iid:9.8.0] AndroidManifest.xml:20:5-66
	android:name
		ADDED from src\main\AndroidManifest.xml:5:22-64
uses-permission#android.permission.ACCESS_NETWORK_STATE
ADDED from src\main\AndroidManifest.xml:6:5-78
MERGED from [com.google.android.gms:play-services-ads-lite:9.8.0] AndroidManifest.xml:20:5-78
MERGED from [com.google.android.gms:play-services-ads-lite:9.8.0] AndroidManifest.xml:20:5-78
MERGED from [com.google.android.gms:play-services-analytics:9.8.0] AndroidManifest.xml:21:5-78
MERGED from [com.google.android.gms:play-services-analytics:9.8.0] AndroidManifest.xml:21:5-78
MERGED from [com.google.android.gms:play-services-analytics-impl:9.8.0] AndroidManifest.xml:21:5-78
MERGED from [com.google.android.gms:play-services-analytics-impl:9.8.0] AndroidManifest.xml:21:5-78
MERGED from [com.google.android.gms:play-services-maps:9.8.0] AndroidManifest.xml:19:5-78
MERGED from [com.google.android.gms:play-services-maps:9.8.0] AndroidManifest.xml:19:5-78
MERGED from [com.google.android.gms:play-services-nearby:9.8.0] AndroidManifest.xml:4:5-78
MERGED from [com.google.android.gms:play-services-nearby:9.8.0] AndroidManifest.xml:4:5-78
MERGED from [com.google.android.gms:play-services-tagmanager-api:9.8.0] AndroidManifest.xml:21:5-78
MERGED from [com.google.android.gms:play-services-tagmanager-api:9.8.0] AndroidManifest.xml:21:5-78
MERGED from [com.google.firebase:firebase-analytics:9.8.0] AndroidManifest.xml:21:5-78
MERGED from [com.google.firebase:firebase-analytics:9.8.0] AndroidManifest.xml:21:5-78
MERGED from [com.google.firebase:firebase-analytics-impl:9.8.0] AndroidManifest.xml:21:5-78
MERGED from [com.google.firebase:firebase-analytics-impl:9.8.0] AndroidManifest.xml:21:5-78
MERGED from [com.google.firebase:firebase-iid:9.8.0] AndroidManifest.xml:19:5-78
MERGED from [com.google.firebase:firebase-iid:9.8.0] AndroidManifest.xml:19:5-78
	android:name
		ADDED from src\main\AndroidManifest.xml:6:22-76
uses-permission#android.permission.ACCESS_COARSE_LOCATION
ADDED from src\main\AndroidManifest.xml:7:5-80
	android:name
		ADDED from src\main\AndroidManifest.xml:7:22-78
uses-permission#android.permission.ACCESS_FINE_LOCATION
ADDED from src\main\AndroidManifest.xml:8:5-78
	android:name
		ADDED from src\main\AndroidManifest.xml:8:22-76
uses-permission#android.permission.READ_PHONE_STATE
ADDED from src\main\AndroidManifest.xml:9:5-74
	android:name
		ADDED from src\main\AndroidManifest.xml:9:22-72
uses-permission#android.permission.WRITE_EXTERNAL_STORAGE
ADDED from src\main\AndroidManifest.xml:10:5-80
	android:name
		ADDED from src\main\AndroidManifest.xml:10:22-78
application
ADDED from src\main\AndroidManifest.xml:12:5-47:19
MERGED from [androidx.constraintlayout:constraintlayout:1.1.3] AndroidManifest.xml:9:5-20
MERGED from [androidx.constraintlayout:constraintlayout:1.1.3] AndroidManifest.xml:9:5-20
MERGED from [com.google.android.gms:play-services:9.8.0] AndroidManifest.xml:5:5-20
MERGED from [com.google.android.gms:play-services:9.8.0] AndroidManifest.xml:5:5-20
MERGED from [com.google.android.gms:play-services-appindexing:9.8.0] AndroidManifest.xml:18:5-19
MERGED from [com.google.android.gms:play-services-appindexing:9.8.0] AndroidManifest.xml:18:5-19
MERGED from [com.google.android.material:material:1.0.0] AndroidManifest.xml:22:5-20
MERGED from [com.google.android.material:material:1.0.0] AndroidManifest.xml:22:5-20
MERGED from [com.google.android.gms:play-services-cast-framework:9.8.0] AndroidManifest.xml:4:5-8:19
MERGED from [com.google.android.gms:play-services-cast-framework:9.8.0] AndroidManifest.xml:4:5-8:19
MERGED from [com.google.android.gms:play-services-cast:9.8.0] AndroidManifest.xml:18:5-19
MERGED from [com.google.android.gms:play-services-cast:9.8.0] AndroidManifest.xml:18:5-19
MERGED from [com.android.volley:volley:1.1.0] AndroidManifest.xml:9:5-20
MERGED from [com.android.volley:volley:1.1.0] AndroidManifest.xml:9:5-20
MERGED from [com.github.bumptech.glide:glide:4.9.0] AndroidManifest.xml:10:5-20
MERGED from [com.github.bumptech.glide:glide:4.9.0] AndroidManifest.xml:10:5-20
MERGED from [com.google.android.gms:play-services-ads-lite:9.8.0] AndroidManifest.xml:23:5-27:19
MERGED from [com.google.android.gms:play-services-ads-lite:9.8.0] AndroidManifest.xml:23:5-27:19
MERGED from [com.google.android.gms:play-services-analytics:9.8.0] AndroidManifest.xml:26:5-19
MERGED from [com.google.android.gms:play-services-analytics:9.8.0] AndroidManifest.xml:26:5-19
MERGED from [com.google.android.gms:play-services-analytics-impl:9.8.0] AndroidManifest.xml:26:5-19
MERGED from [com.google.android.gms:play-services-analytics-impl:9.8.0] AndroidManifest.xml:26:5-19
MERGED from [com.google.android.gms:play-services-appinvite:9.8.0] AndroidManifest.xml:19:5-26:19
MERGED from [com.google.android.gms:play-services-appinvite:9.8.0] AndroidManifest.xml:19:5-26:19
MERGED from [com.google.android.gms:play-services-auth:9.8.0] AndroidManifest.xml:19:5-25:19
MERGED from [com.google.android.gms:play-services-auth:9.8.0] AndroidManifest.xml:19:5-25:19
MERGED from [com.google.android.gms:play-services-clearcut:9.8.0] AndroidManifest.xml:18:5-19
MERGED from [com.google.android.gms:play-services-clearcut:9.8.0] AndroidManifest.xml:18:5-19
MERGED from [com.google.firebase:firebase-config:9.8.0] AndroidManifest.xml:18:5-19
MERGED from [com.google.firebase:firebase-config:9.8.0] AndroidManifest.xml:18:5-19
MERGED from [com.google.android.gms:play-services-awareness:9.8.0] AndroidManifest.xml:18:5-19
MERGED from [com.google.android.gms:play-services-awareness:9.8.0] AndroidManifest.xml:18:5-19
MERGED from [com.google.android.gms:play-services-games:9.8.0] AndroidManifest.xml:18:5-19
MERGED from [com.google.android.gms:play-services-games:9.8.0] AndroidManifest.xml:18:5-19
MERGED from [com.google.android.gms:play-services-drive:9.8.0] AndroidManifest.xml:18:5-19
MERGED from [com.google.android.gms:play-services-drive:9.8.0] AndroidManifest.xml:18:5-19
MERGED from [com.google.firebase:firebase-auth:9.8.0] AndroidManifest.xml:19:5-20:19
MERGED from [com.google.firebase:firebase-auth:9.8.0] AndroidManifest.xml:19:5-20:19
MERGED from [com.google.firebase:firebase-auth-common:9.8.0] AndroidManifest.xml:19:5-20:19
MERGED from [com.google.firebase:firebase-auth-common:9.8.0] AndroidManifest.xml:19:5-20:19
MERGED from [com.google.android.gms:play-services-fitness:9.8.0] AndroidManifest.xml:18:5-19
MERGED from [com.google.android.gms:play-services-fitness:9.8.0] AndroidManifest.xml:18:5-19
MERGED from [com.google.android.gms:play-services-gcm:9.8.0] AndroidManifest.xml:23:5-19
MERGED from [com.google.android.gms:play-services-gcm:9.8.0] AndroidManifest.xml:23:5-19
MERGED from [com.google.android.gms:play-services-identity:9.8.0] AndroidManifest.xml:18:5-19
MERGED from [com.google.android.gms:play-services-identity:9.8.0] AndroidManifest.xml:18:5-19
MERGED from [com.google.android.gms:play-services-iid:9.8.0] AndroidManifest.xml:23:5-19
MERGED from [com.google.android.gms:play-services-iid:9.8.0] AndroidManifest.xml:23:5-19
MERGED from [com.google.android.gms:play-services-location:9.8.0] AndroidManifest.xml:4:5-19
MERGED from [com.google.android.gms:play-services-location:9.8.0] AndroidManifest.xml:4:5-19
MERGED from [com.google.android.gms:play-services-places:9.8.0] AndroidManifest.xml:18:5-19
MERGED from [com.google.android.gms:play-services-places:9.8.0] AndroidManifest.xml:18:5-19
MERGED from [com.google.android.gms:play-services-maps:9.8.0] AndroidManifest.xml:24:5-19
MERGED from [com.google.android.gms:play-services-maps:9.8.0] AndroidManifest.xml:24:5-19
MERGED from [com.google.android.gms:play-services-nearby:9.8.0] AndroidManifest.xml:5:5-19
MERGED from [com.google.android.gms:play-services-nearby:9.8.0] AndroidManifest.xml:5:5-19
MERGED from [com.google.android.gms:play-services-panorama:9.8.0] AndroidManifest.xml:18:5-19
MERGED from [com.google.android.gms:play-services-panorama:9.8.0] AndroidManifest.xml:18:5-19
MERGED from [com.google.android.gms:play-services-plus:9.8.0] AndroidManifest.xml:18:5-19
MERGED from [com.google.android.gms:play-services-plus:9.8.0] AndroidManifest.xml:18:5-19
MERGED from [com.google.android.gms:play-services-safetynet:9.8.0] AndroidManifest.xml:18:5-19
MERGED from [com.google.android.gms:play-services-safetynet:9.8.0] AndroidManifest.xml:18:5-19
MERGED from [com.google.android.gms:play-services-vision:9.8.0] AndroidManifest.xml:4:5-19
MERGED from [com.google.android.gms:play-services-vision:9.8.0] AndroidManifest.xml:4:5-19
MERGED from [com.google.android.gms:play-services-wearable:9.8.0] AndroidManifest.xml:18:5-19
MERGED from [com.google.android.gms:play-services-wearable:9.8.0] AndroidManifest.xml:18:5-19
MERGED from [com.google.android.gms:play-services-base:9.8.0] AndroidManifest.xml:18:5-20:19
MERGED from [com.google.android.gms:play-services-base:9.8.0] AndroidManifest.xml:18:5-20:19
MERGED from [com.google.firebase:firebase-crash:9.8.0] AndroidManifest.xml:22:5-23:19
MERGED from [com.google.firebase:firebase-crash:9.8.0] AndroidManifest.xml:22:5-23:19
MERGED from [com.google.firebase:firebase-messaging:9.8.0] AndroidManifest.xml:19:5-29:19
MERGED from [com.google.firebase:firebase-messaging:9.8.0] AndroidManifest.xml:19:5-29:19
MERGED from [com.google.android.gms:play-services-tagmanager-api:9.8.0] AndroidManifest.xml:23:5-33:19
MERGED from [com.google.android.gms:play-services-tagmanager-api:9.8.0] AndroidManifest.xml:23:5-33:19
MERGED from [com.google.firebase:firebase-analytics:9.8.0] AndroidManifest.xml:24:5-33:19
MERGED from [com.google.firebase:firebase-analytics:9.8.0] AndroidManifest.xml:24:5-33:19
MERGED from [com.google.firebase:firebase-analytics-impl:9.8.0] AndroidManifest.xml:24:5-28:19
MERGED from [com.google.firebase:firebase-analytics-impl:9.8.0] AndroidManifest.xml:24:5-28:19
MERGED from [com.google.firebase:firebase-iid:9.8.0] AndroidManifest.xml:28:5-50:19
MERGED from [com.google.firebase:firebase-iid:9.8.0] AndroidManifest.xml:28:5-50:19
MERGED from [com.google.firebase:firebase-common:9.8.0] AndroidManifest.xml:4:5-7:19
MERGED from [com.google.firebase:firebase-common:9.8.0] AndroidManifest.xml:4:5-7:19
MERGED from [com.google.android.gms:play-services-gass:9.8.0] AndroidManifest.xml:4:5-19
MERGED from [com.google.android.gms:play-services-gass:9.8.0] AndroidManifest.xml:4:5-19
MERGED from [com.google.android.gms:play-services-tasks:9.8.0] AndroidManifest.xml:4:5-19
MERGED from [com.google.android.gms:play-services-tasks:9.8.0] AndroidManifest.xml:4:5-19
MERGED from [com.google.android.gms:play-services-basement:9.8.0] AndroidManifest.xml:19:5-21:19
MERGED from [com.google.android.gms:play-services-basement:9.8.0] AndroidManifest.xml:19:5-21:19
MERGED from [androidx.core:core:1.0.1] AndroidManifest.xml:22:5-89
MERGED from [androidx.core:core:1.0.1] AndroidManifest.xml:22:5-89
MERGED from [androidx.versionedparcelable:versionedparcelable:1.0.0] AndroidManifest.xml:22:5-23:19
MERGED from [androidx.versionedparcelable:versionedparcelable:1.0.0] AndroidManifest.xml:22:5-23:19
MERGED from [com.github.bumptech.glide:gifdecoder:4.9.0] AndroidManifest.xml:9:5-20
MERGED from [com.github.bumptech.glide:gifdecoder:4.9.0] AndroidManifest.xml:9:5-20
	android:appComponentFactory
		ADDED from [androidx.core:core:1.0.1] AndroidManifest.xml:22:18-86
	android:supportsRtl
		ADDED from src\main\AndroidManifest.xml:18:13-39
	android:label
		ADDED from src\main\AndroidManifest.xml:16:13-45
	android:roundIcon
		ADDED from src\main\AndroidManifest.xml:17:13-49
	android:icon
		ADDED from src\main\AndroidManifest.xml:15:13-44
	android:allowBackup
		ADDED from src\main\AndroidManifest.xml:14:13-39
	android:theme
		ADDED from src\main\AndroidManifest.xml:19:13-44
	android:name
		ADDED from src\main\AndroidManifest.xml:13:13-42
activity#com.example.myapplication.HalUtamaChoice
ADDED from src\main\AndroidManifest.xml:21:9-22:20
	android:name
		ADDED from src\main\AndroidManifest.xml:21:19-49
activity#com.example.myapplication.HalUtama3G
ADDED from src\main\AndroidManifest.xml:23:9-24:20
	android:name
		ADDED from src\main\AndroidManifest.xml:23:19-45
activity#com.example.myapplication.HalUtama2G
ADDED from src\main\AndroidManifest.xml:25:9-26:20
	android:name
		ADDED from src\main\AndroidManifest.xml:25:19-45
activity#com.example.myapplication.Register
ADDED from src\main\AndroidManifest.xml:27:9-28:20
	android:name
		ADDED from src\main\AndroidManifest.xml:27:19-43
activity#com.example.myapplication.HalUtama4G
ADDED from src\main\AndroidManifest.xml:32:9-33:20
	android:name
		ADDED from src\main\AndroidManifest.xml:32:19-45
activity#com.example.myapplication.LogIn
ADDED from src\main\AndroidManifest.xml:34:9-35:20
	android:name
		ADDED from src\main\AndroidManifest.xml:34:19-40
activity#com.example.myapplication.splash
ADDED from src\main\AndroidManifest.xml:36:9-42:20
	android:name
		ADDED from src\main\AndroidManifest.xml:36:19-41
intent-filter#action:name:android.intent.action.MAIN+category:name:android.intent.category.LAUNCHER
ADDED from src\main\AndroidManifest.xml:37:13-41:29
action#android.intent.action.MAIN
ADDED from src\main\AndroidManifest.xml:38:17-68
	android:name
		ADDED from src\main\AndroidManifest.xml:38:25-66
category#android.intent.category.LAUNCHER
ADDED from src\main\AndroidManifest.xml:40:17-76
	android:name
		ADDED from src\main\AndroidManifest.xml:40:27-74
meta-data#com.google.android.gms.version
ADDED from src\main\AndroidManifest.xml:44:9-46:72
MERGED from [com.google.android.gms:play-services-basement:9.8.0] AndroidManifest.xml:20:9-121
MERGED from [com.google.android.gms:play-services-basement:9.8.0] AndroidManifest.xml:20:9-121
	android:value
		ADDED from src\main\AndroidManifest.xml:46:17-70
	android:name
		ADDED from src\main\AndroidManifest.xml:45:17-62
uses-sdk
INJECTED from src\main\AndroidManifest.xml reason: use-sdk injection requested
INJECTED from src\main\AndroidManifest.xml
INJECTED from src\main\AndroidManifest.xml
MERGED from [androidx.constraintlayout:constraintlayout:1.1.3] AndroidManifest.xml:5:5-7:41
MERGED from [androidx.constraintlayout:constraintlayout:1.1.3] AndroidManifest.xml:5:5-7:41
MERGED from [com.google.android.gms:play-services:9.8.0] AndroidManifest.xml:4:5-42
MERGED from [com.google.android.gms:play-services:9.8.0] AndroidManifest.xml:4:5-42
MERGED from [com.google.android.gms:play-services-appindexing:9.8.0] AndroidManifest.xml:17:5-42
MERGED from [com.google.android.gms:play-services-appindexing:9.8.0] AndroidManifest.xml:17:5-42
MERGED from [com.google.android.material:material:1.0.0] AndroidManifest.xml:20:5-44
MERGED from [com.google.android.material:material:1.0.0] AndroidManifest.xml:20:5-44
MERGED from [com.google.android.gms:play-services-cast-framework:9.8.0] AndroidManifest.xml:3:5-42
MERGED from [com.google.android.gms:play-services-cast-framework:9.8.0] AndroidManifest.xml:3:5-42
MERGED from [com.google.android.gms:play-services-cast:9.8.0] AndroidManifest.xml:17:5-42
MERGED from [com.google.android.gms:play-services-cast:9.8.0] AndroidManifest.xml:17:5-42
MERGED from [androidx.mediarouter:mediarouter:1.0.0-alpha5] AndroidManifest.xml:20:5-44
MERGED from [androidx.mediarouter:mediarouter:1.0.0-alpha5] AndroidManifest.xml:20:5-44
MERGED from [androidx.appcompat:appcompat:1.0.2] AndroidManifest.xml:20:5-44
MERGED from [androidx.appcompat:appcompat:1.0.2] AndroidManifest.xml:20:5-44
MERGED from [com.android.volley:volley:1.1.0] AndroidManifest.xml:7:5-43
MERGED from [com.android.volley:volley:1.1.0] AndroidManifest.xml:7:5-43
MERGED from [com.github.bumptech.glide:glide:4.9.0] AndroidManifest.xml:6:5-8:41
MERGED from [com.github.bumptech.glide:glide:4.9.0] AndroidManifest.xml:6:5-8:41
MERGED from [com.google.android.gms:play-services-ads:9.8.0] AndroidManifest.xml:17:5-42
MERGED from [com.google.android.gms:play-services-ads:9.8.0] AndroidManifest.xml:17:5-42
MERGED from [com.google.android.gms:play-services-ads-lite:9.8.0] AndroidManifest.xml:22:5-42
MERGED from [com.google.android.gms:play-services-ads-lite:9.8.0] AndroidManifest.xml:22:5-42
MERGED from [com.google.android.gms:play-services-analytics:9.8.0] AndroidManifest.xml:17:5-42
MERGED from [com.google.android.gms:play-services-analytics:9.8.0] AndroidManifest.xml:17:5-42
MERGED from [com.google.android.gms:play-services-tagmanager:9.8.0] AndroidManifest.xml:17:5-42
MERGED from [com.google.android.gms:play-services-tagmanager:9.8.0] AndroidManifest.xml:17:5-42
MERGED from [com.google.android.gms:play-services-analytics-impl:9.8.0] AndroidManifest.xml:17:5-42
MERGED from [com.google.android.gms:play-services-analytics-impl:9.8.0] AndroidManifest.xml:17:5-42
MERGED from [com.google.android.gms:play-services-appinvite:9.8.0] AndroidManifest.xml:17:5-42
MERGED from [com.google.android.gms:play-services-appinvite:9.8.0] AndroidManifest.xml:17:5-42
MERGED from [com.google.android.gms:play-services-auth:9.8.0] AndroidManifest.xml:17:5-42
MERGED from [com.google.android.gms:play-services-auth:9.8.0] AndroidManifest.xml:17:5-42
MERGED from [com.google.android.gms:play-services-auth-base:9.8.0] AndroidManifest.xml:4:5-42
MERGED from [com.google.android.gms:play-services-auth-base:9.8.0] AndroidManifest.xml:4:5-42
MERGED from [com.google.android.gms:play-services-clearcut:9.8.0] AndroidManifest.xml:17:5-42
MERGED from [com.google.android.gms:play-services-clearcut:9.8.0] AndroidManifest.xml:17:5-42
MERGED from [com.google.firebase:firebase-config:9.8.0] AndroidManifest.xml:17:5-42
MERGED from [com.google.firebase:firebase-config:9.8.0] AndroidManifest.xml:17:5-42
MERGED from [com.google.android.gms:play-services-awareness:9.8.0] AndroidManifest.xml:17:5-42
MERGED from [com.google.android.gms:play-services-awareness:9.8.0] AndroidManifest.xml:17:5-42
MERGED from [com.google.android.gms:play-services-games:9.8.0] AndroidManifest.xml:17:5-42
MERGED from [com.google.android.gms:play-services-games:9.8.0] AndroidManifest.xml:17:5-42
MERGED from [com.google.android.gms:play-services-drive:9.8.0] AndroidManifest.xml:17:5-42
MERGED from [com.google.android.gms:play-services-drive:9.8.0] AndroidManifest.xml:17:5-42
MERGED from [com.google.firebase:firebase-auth:9.8.0] AndroidManifest.xml:17:5-42
MERGED from [com.google.firebase:firebase-auth:9.8.0] AndroidManifest.xml:17:5-42
MERGED from [com.google.firebase:firebase-auth-common:9.8.0] AndroidManifest.xml:17:5-42
MERGED from [com.google.firebase:firebase-auth-common:9.8.0] AndroidManifest.xml:17:5-42
MERGED from [com.google.firebase:firebase-auth-module:9.8.0] AndroidManifest.xml:3:5-42
MERGED from [com.google.firebase:firebase-auth-module:9.8.0] AndroidManifest.xml:3:5-42
MERGED from [com.google.android.gms:play-services-fitness:9.8.0] AndroidManifest.xml:17:5-42